
> @elizaos-plugins/plugin-lensNetwork@0.1.8+build.1 build /Users/gdesign/developer-projects/laborales/upstreet/eliza-last/eliza/packages/plugin-lensNetwork
> tsup --format esm --dts

CLI Building entry: src/index.ts
CLI Using tsconfig: tsconfig.json
CLI tsup v8.3.5
CLI Using tsup config: /Users/gdesign/developer-projects/laborales/upstreet/eliza-last/eliza/packages/plugin-lensNetwork/tsup.config.ts
CLI Target: node16
CLI Cleaning output folder
ESM Build start
ESM dist/ccip-CTSM2ZVR.js          290.00 B
ESM dist/index.js                  127.70 KB
ESM dist/chunk-PR4QN5HX.js         1.87 KB
ESM dist/_esm-L4OBJJWB.js          130.56 KB
ESM dist/chunk-FKE5X5WI.js         130.55 KB
ESM dist/secp256k1-53WMFF6R.js     80.06 KB
ESM dist/ccip-CTSM2ZVR.js.map      71.00 B
ESM dist/index.js.map              261.41 KB
ESM dist/chunk-PR4QN5HX.js.map     71.00 B
ESM dist/_esm-L4OBJJWB.js.map      211.08 KB
ESM dist/secp256k1-53WMFF6R.js.map 203.01 KB
ESM dist/chunk-FKE5X5WI.js.map     386.53 KB
ESM ⚡️ Build success in 218ms
DTS Build start
DTS ⚡️ Build success in 5138ms
DTS dist/index.d.ts 122.00 B
